<?xml version="1.0" encoding="UTF-8"?>
<testng-results skipped="0" failed="0" total="1" passed="1">
  <reporter-output>
  </reporter-output>
  <suite name="Default suite" duration-ms="6142" started-at="2014-11-24T13:10:33Z" finished-at="2014-11-24T13:10:39Z">
    <groups>
    </groups>
    <test name="Default test" duration-ms="6142" started-at="2014-11-24T13:10:33Z" finished-at="2014-11-24T13:10:39Z">
      <class name="tests.LoginLogout">
        <test-method status="PASS" signature="loginLogout()[pri:0, instance:tests.LoginLogout@5e025e70]" name="loginLogout" duration-ms="6131" started-at="2014-11-24T05:10:33Z" finished-at="2014-11-24T05:10:39Z">
          <reporter-output>
          </reporter-output>
        </test-method> <!-- loginLogout -->
      </class> <!-- tests.LoginLogout -->
    </test> <!-- Default test -->
  </suite> <!-- Default suite -->
</testng-results>
